c:\users\mtuck\onedrive\documents\visual studio 2019\projects\project2\project1\project1\x64\debug\vc142.pdb
c:\users\mtuck\onedrive\documents\visual studio 2019\projects\project2\project1\project1\x64\debug\vc142.idb
c:\users\mtuck\onedrive\documents\visual studio 2019\projects\project2\project1\project1\x64\debug\manager.obj
c:\users\mtuck\onedrive\documents\visual studio 2019\projects\project2\project1\project1\x64\debug\game.obj
c:\users\mtuck\onedrive\documents\visual studio 2019\projects\project2\project1\project1\x64\debug\main.obj
c:\users\mtuck\onedrive\documents\visual studio 2019\projects\project2\project1\project1\x64\debug\vector.obj
c:\users\mtuck\onedrive\documents\visual studio 2019\projects\project2\project1\project1\x64\debug\object.obj
c:\users\mtuck\onedrive\documents\visual studio 2019\projects\project2\project1\project1\x64\debug\gamemanager.obj
c:\users\mtuck\onedrive\documents\visual studio 2019\projects\project2\project1\project1\x64\debug\eventstep.obj
c:\users\mtuck\onedrive\documents\visual studio 2019\projects\project2\project1\project1\x64\debug\event.obj
c:\users\mtuck\onedrive\documents\visual studio 2019\projects\project2\project1\project1\x64\debug\clock.obj
c:\users\mtuck\onedrive\documents\visual studio 2019\projects\project2\project1\project1\x64\debug\worldmanager.obj
c:\users\mtuck\onedrive\documents\visual studio 2019\projects\project2\project1\project1\x64\debug\displaymanager.obj
c:\users\mtuck\onedrive\documents\visual studio 2019\projects\project2\project1\project1\x64\debug\eventmouse.obj
c:\users\mtuck\onedrive\documents\visual studio 2019\projects\project2\project1\project1\x64\debug\eventkeyboard.obj
c:\users\mtuck\onedrive\documents\visual studio 2019\projects\project2\project1\project1\x64\debug\inputmanager.obj
c:\users\mtuck\onedrive\documents\visual studio 2019\projects\project2\project1\x64\debug\project1.exe
c:\users\mtuck\onedrive\documents\visual studio 2019\projects\project2\project1\x64\debug\project1.ilk
c:\users\mtuck\onedrive\documents\visual studio 2019\projects\project2\project1\x64\debug\project1.pdb
c:\users\mtuck\onedrive\documents\visual studio 2019\projects\project2\project1\project1\x64\debug\worldmanager.new.obj.enc
c:\users\mtuck\onedrive\documents\visual studio 2019\projects\project2\project1\project1\x64\debug\project1.tlog\cl.command.1.tlog
c:\users\mtuck\onedrive\documents\visual studio 2019\projects\project2\project1\project1\x64\debug\project1.tlog\cl.read.1.tlog
c:\users\mtuck\onedrive\documents\visual studio 2019\projects\project2\project1\project1\x64\debug\project1.tlog\cl.write.1.tlog
c:\users\mtuck\onedrive\documents\visual studio 2019\projects\project2\project1\project1\x64\debug\project1.tlog\link-cvtres.read.1.tlog
c:\users\mtuck\onedrive\documents\visual studio 2019\projects\project2\project1\project1\x64\debug\project1.tlog\link-cvtres.write.1.tlog
c:\users\mtuck\onedrive\documents\visual studio 2019\projects\project2\project1\project1\x64\debug\project1.tlog\link-rc.read.1.tlog
c:\users\mtuck\onedrive\documents\visual studio 2019\projects\project2\project1\project1\x64\debug\project1.tlog\link-rc.write.1.tlog
c:\users\mtuck\onedrive\documents\visual studio 2019\projects\project2\project1\project1\x64\debug\project1.tlog\link.23788-cvtres.read.1.tlog
c:\users\mtuck\onedrive\documents\visual studio 2019\projects\project2\project1\project1\x64\debug\project1.tlog\link.23788-cvtres.write.1.tlog
c:\users\mtuck\onedrive\documents\visual studio 2019\projects\project2\project1\project1\x64\debug\project1.tlog\link.23788-rc.read.1.tlog
c:\users\mtuck\onedrive\documents\visual studio 2019\projects\project2\project1\project1\x64\debug\project1.tlog\link.23788-rc.write.1.tlog
c:\users\mtuck\onedrive\documents\visual studio 2019\projects\project2\project1\project1\x64\debug\project1.tlog\link.23788.read.1.tlog
c:\users\mtuck\onedrive\documents\visual studio 2019\projects\project2\project1\project1\x64\debug\project1.tlog\link.23788.write.1.tlog
c:\users\mtuck\onedrive\documents\visual studio 2019\projects\project2\project1\project1\x64\debug\project1.tlog\link.command.1.tlog
c:\users\mtuck\onedrive\documents\visual studio 2019\projects\project2\project1\project1\x64\debug\project1.tlog\link.read.1.tlog
c:\users\mtuck\onedrive\documents\visual studio 2019\projects\project2\project1\project1\x64\debug\project1.tlog\link.write.1.tlog
